<?xml version="1.0" encoding="UTF-8"?>
<testsuite name="ru.stqa.pft.addressbook.tests.GroupCreationTests" tests="3" skipped="0" failures="0" errors="0" timestamp="2018-03-15T21:37:54" hostname="MacBook-Pro-Ilia.local" time="8.058">
  <properties/>
  <testcase name="testGroupCreation[0](GroupData{id='2147483647', name='test 0', header='header 0', footer='footer 0'})" classname="ru.stqa.pft.addressbook.tests.GroupCreationTests" time="3.695"/>
  <testcase name="testGroupCreation[1](GroupData{id='2147483647', name='test 1', header='header 1', footer='footer 1'})" classname="ru.stqa.pft.addressbook.tests.GroupCreationTests" time="2.224"/>
  <testcase name="testGroupCreation[2](GroupData{id='2147483647', name='test 2', header='header 2', footer='footer 2'})" classname="ru.stqa.pft.addressbook.tests.GroupCreationTests" time="2.138"/>
  <system-out><![CDATA[]]></system-out>
  <system-err><![CDATA[]]></system-err>
</testsuite>
